[ 2015-12-13T14:51:07+08:00 ] 127.0.0.1 /thinkphp/index.php/index/2
INFO: [ app_init ] --START--
INFO: Run Behavior\BuildLiteBehavior [ RunTime:0.000000s ]
INFO: [ app_init ] --END-- [ RunTime:0.002000s ]
INFO: [ app_begin ] --START--
INFO: Run Behavior\ReadHtmlCacheBehavior [ RunTime:0.001000s ]
INFO: [ app_begin ] --END-- [ RunTime:0.002001s ]
INFO: [ app_end ] --START--
INFO: Run Behavior\ShowPageTraceBehavior [ RunTime:0.002000s ]
INFO: [ app_end ] --END-- [ RunTime:0.002000s ]

[ 2015-12-13T14:54:17+08:00 ] 127.0.0.1 /thinkphp/index.php/index/2.html
INFO: [ app_init ] --START--
INFO: Run Behavior\BuildLiteBehavior [ RunTime:0.000000s ]
INFO: [ app_init ] --END-- [ RunTime:0.001000s ]
INFO: [ app_begin ] --START--
INFO: Run Behavior\ReadHtmlCacheBehavior [ RunTime:0.002000s ]
INFO: [ app_begin ] --END-- [ RunTime:0.002000s ]
INFO: [ app_end ] --START--
INFO: Run Behavior\ShowPageTraceBehavior [ RunTime:0.002000s ]
INFO: [ app_end ] --END-- [ RunTime:0.002000s ]

[ 2015-12-13T14:55:39+08:00 ] 127.0.0.1 /thinkphp/index.php/index/u.html
INFO: [ app_init ] --START--
INFO: Run Behavior\BuildLiteBehavior [ RunTime:0.000000s ]
INFO: [ app_init ] --END-- [ RunTime:0.002000s ]
INFO: [ app_begin ] --START--
INFO: Run Behavior\ReadHtmlCacheBehavior [ RunTime:0.001000s ]
INFO: [ app_begin ] --END-- [ RunTime:0.002000s ]
INFO: [ app_end ] --START--
INFO: Run Behavior\ShowPageTraceBehavior [ RunTime:0.002000s ]
INFO: [ app_end ] --END-- [ RunTime:0.002000s ]

[ 2015-12-13T14:55:43+08:00 ] 127.0.0.1 /thinkphp/index.php/index/u.html
INFO: [ app_init ] --START--
INFO: Run Behavior\BuildLiteBehavior [ RunTime:0.000000s ]
INFO: [ app_init ] --END-- [ RunTime:0.001000s ]
INFO: [ app_begin ] --START--
INFO: Run Behavior\ReadHtmlCacheBehavior [ RunTime:0.001000s ]
INFO: [ app_begin ] --END-- [ RunTime:0.002000s ]
INFO: [ app_end ] --START--
INFO: Run Behavior\ShowPageTraceBehavior [ RunTime:0.001000s ]
INFO: [ app_end ] --END-- [ RunTime:0.001000s ]

