[ 2015-12-11T17:34:27+08:00 ] 127.0.0.1 /thinkphp/Public/JsCss/index.css
INFO: [ app_init ] --START--
INFO: Run Behavior\BuildLiteBehavior [ RunTime:0.000000s ]
INFO: [ app_init ] --END-- [ RunTime:0.001000s ]
ERR: 无法加载模块:Public

[ 2015-12-11T17:34:27+08:00 ] 127.0.0.1 /thinkphp/Public/JsJs/jquery-1.7.2.min.js
INFO: [ app_init ] --START--
INFO: Run Behavior\BuildLiteBehavior [ RunTime:0.001000s ]
INFO: [ app_init ] --END-- [ RunTime:0.001000s ]
ERR: 无法加载模块:Public

[ 2015-12-11T17:34:27+08:00 ] 127.0.0.1 /thinkphp/Public/JsJs/index.js
INFO: [ app_init ] --START--
INFO: Run Behavior\BuildLiteBehavior [ RunTime:0.000000s ]
INFO: [ app_init ] --END-- [ RunTime:0.001000s ]
ERR: 无法加载模块:Public

[ 2015-12-11T17:34:27+08:00 ] 127.0.0.1 /thinkphp/Public/JsImages/phiz/haixiu.gif
INFO: [ app_init ] --START--
INFO: Run Behavior\BuildLiteBehavior [ RunTime:0.000000s ]
INFO: [ app_init ] --END-- [ RunTime:0.001000s ]
ERR: 无法加载模块:Public

[ 2015-12-11T17:34:27+08:00 ] 127.0.0.1 /thinkphp/Public/JsImages/phiz/ku.gif
INFO: [ app_init ] --START--
INFO: Run Behavior\BuildLiteBehavior [ RunTime:0.000000s ]
INFO: [ app_init ] --END-- [ RunTime:0.001000s ]
ERR: 无法加载模块:Public

[ 2015-12-11T17:34:27+08:00 ] 127.0.0.1 /thinkphp/Public/JsImages/phiz/zhuakuang.gif
INFO: [ app_init ] --START--
INFO: Run Behavior\BuildLiteBehavior [ RunTime:0.000000s ]
INFO: [ app_init ] --END-- [ RunTime:0.001000s ]
ERR: 无法加载模块:Public

[ 2015-12-11T17:34:27+08:00 ] 127.0.0.1 /thinkphp/Public/JsImages/phiz/taikaixin.gif
INFO: [ app_init ] --START--
INFO: Run Behavior\BuildLiteBehavior [ RunTime:0.000000s ]
INFO: [ app_init ] --END-- [ RunTime:0.007000s ]
ERR: 无法加载模块:Public

[ 2015-12-11T17:34:27+08:00 ] 127.0.0.1 /thinkphp/Public/JsImages/phiz/xixi.gif
INFO: [ app_init ] --START--
INFO: Run Behavior\BuildLiteBehavior [ RunTime:0.000000s ]
INFO: [ app_init ] --END-- [ RunTime:0.004000s ]
ERR: 无法加载模块:Public

[ 2015-12-11T17:34:27+08:00 ] 127.0.0.1 /thinkphp/Public/JsImages/phiz/baobao.gif
INFO: [ app_init ] --START--
INFO: Run Behavior\BuildLiteBehavior [ RunTime:0.001000s ]
INFO: [ app_init ] --END-- [ RunTime:0.004000s ]
ERR: 无法加载模块:Public

[ 2015-12-11T17:34:27+08:00 ] 127.0.0.1 /thinkphp/Public/JsImages/phiz/touxiao.gif
INFO: [ app_init ] --START--
INFO: Run Behavior\BuildLiteBehavior [ RunTime:0.000000s ]
INFO: [ app_init ] --END-- [ RunTime:0.002000s ]
ERR: 无法加载模块:Public

[ 2015-12-11T17:34:27+08:00 ] 127.0.0.1 /thinkphp/Public/JsImages/phiz/qian.gif
INFO: [ app_init ] --START--
INFO: Run Behavior\BuildLiteBehavior [ RunTime:0.002000s ]
INFO: [ app_init ] --END-- [ RunTime:0.005000s ]
ERR: 无法加载模块:Public

[ 2015-12-11T17:34:27+08:00 ] 127.0.0.1 /thinkphp/Public/JsImages/phiz/huaxin.gif
INFO: [ app_init ] --START--
INFO: Run Behavior\BuildLiteBehavior [ RunTime:0.001000s ]
INFO: [ app_init ] --END-- [ RunTime:0.002000s ]
ERR: 无法加载模块:Public

[ 2015-12-11T17:34:27+08:00 ] 127.0.0.1 /thinkphp/Public/JsImages/phiz/jiyan.gif
INFO: [ app_init ] --START--
INFO: Run Behavior\BuildLiteBehavior [ RunTime:0.000000s ]
INFO: [ app_init ] --END-- [ RunTime:0.005000s ]
ERR: 无法加载模块:Public

[ 2015-12-11T17:34:32+08:00 ] 127.0.0.1 /thinkphp/Public/JsCss/index.css
INFO: [ app_init ] --START--
INFO: Run Behavior\BuildLiteBehavior [ RunTime:0.000000s ]
INFO: [ app_init ] --END-- [ RunTime:0.001000s ]
ERR: 无法加载模块:Public

[ 2015-12-11T17:35:13+08:00 ] 127.0.0.1 /thinkphp/Public/JsImages/phiz/zhuakuang.gif
INFO: [ app_init ] --START--
INFO: Run Behavior\BuildLiteBehavior [ RunTime:0.000000s ]
INFO: [ app_init ] --END-- [ RunTime:0.001000s ]
ERR: 无法加载模块:Public

[ 2015-12-11T17:35:13+08:00 ] 127.0.0.1 /thinkphp/Public/JsImages/phiz/haixiu.gif
INFO: [ app_init ] --START--
INFO: Run Behavior\BuildLiteBehavior [ RunTime:0.000000s ]
INFO: [ app_init ] --END-- [ RunTime:0.002000s ]
ERR: 无法加载模块:Public

[ 2015-12-11T17:35:13+08:00 ] 127.0.0.1 /thinkphp/Public/JsImages/phiz/baobao.gif
INFO: [ app_init ] --START--
INFO: Run Behavior\BuildLiteBehavior [ RunTime:0.000000s ]
INFO: [ app_init ] --END-- [ RunTime:0.005000s ]
ERR: 无法加载模块:Public

[ 2015-12-11T17:35:13+08:00 ] 127.0.0.1 /thinkphp/Public/JsImages/phiz/ku.gif
INFO: [ app_init ] --START--
INFO: Run Behavior\BuildLiteBehavior [ RunTime:0.000000s ]
INFO: [ app_init ] --END-- [ RunTime:0.004000s ]
ERR: 无法加载模块:Public

[ 2015-12-11T17:35:13+08:00 ] 127.0.0.1 /thinkphp/Public/JsImages/phiz/touxiao.gif
INFO: [ app_init ] --START--
INFO: Run Behavior\BuildLiteBehavior [ RunTime:0.000000s ]
INFO: [ app_init ] --END-- [ RunTime:0.001000s ]
ERR: 无法加载模块:Public

[ 2015-12-11T17:35:13+08:00 ] 127.0.0.1 /thinkphp/Public/JsImages/phiz/taikaixin.gif
INFO: [ app_init ] --START--
INFO: Run Behavior\BuildLiteBehavior [ RunTime:0.000000s ]
INFO: [ app_init ] --END-- [ RunTime:0.002000s ]
ERR: 无法加载模块:Public

[ 2015-12-11T17:35:13+08:00 ] 127.0.0.1 /thinkphp/Public/JsImages/phiz/xixi.gif
INFO: [ app_init ] --START--
INFO: Run Behavior\BuildLiteBehavior [ RunTime:0.002000s ]
INFO: [ app_init ] --END-- [ RunTime:0.010001s ]
ERR: 无法加载模块:Public

[ 2015-12-11T17:35:13+08:00 ] 127.0.0.1 /thinkphp/Public/JsImages/phiz/qian.gif
INFO: [ app_init ] --START--
INFO: Run Behavior\BuildLiteBehavior [ RunTime:0.001001s ]
INFO: [ app_init ] --END-- [ RunTime:0.002001s ]
ERR: 无法加载模块:Public

[ 2015-12-11T17:35:13+08:00 ] 127.0.0.1 /thinkphp/Public/JsImages/phiz/huaxin.gif
INFO: [ app_init ] --START--
INFO: Run Behavior\BuildLiteBehavior [ RunTime:0.000000s ]
INFO: [ app_init ] --END-- [ RunTime:0.001000s ]
ERR: 无法加载模块:Public

[ 2015-12-11T17:35:13+08:00 ] 127.0.0.1 /thinkphp/Public/JsImages/phiz/jiyan.gif
INFO: [ app_init ] --START--
INFO: Run Behavior\BuildLiteBehavior [ RunTime:0.000000s ]
INFO: [ app_init ] --END-- [ RunTime:0.002000s ]
ERR: 无法加载模块:Public

[ 2015-12-11T17:35:13+08:00 ] 127.0.0.1 /thinkphp/Public/JsImages/phiz/zhuakuang.gif
INFO: [ app_init ] --START--
INFO: Run Behavior\BuildLiteBehavior [ RunTime:0.001000s ]
INFO: [ app_init ] --END-- [ RunTime:0.002000s ]
ERR: 无法加载模块:Public

