[ 2015-12-12T11:57:08+08:00 ] 127.0.0.1 /thinkphp/index.php/admin
INFO: [ app_init ] --START--
INFO: Run Behavior\BuildLiteBehavior [ RunTime:0.000000s ]
INFO: [ app_init ] --END-- [ RunTime:0.001000s ]
ERR: 无法加载模块:Admin

[ 2015-12-12T14:18:54+08:00 ] 127.0.0.1 /thinkphp/Controller/Index/tajax
INFO: [ app_init ] --START--
INFO: Run Behavior\BuildLiteBehavior [ RunTime:0.000000s ]
INFO: [ app_init ] --END-- [ RunTime:0.002001s ]
ERR: 无法加载模块:Controller

[ 2015-12-12T14:19:00+08:00 ] 127.0.0.1 /thinkphp/Controller/Index/tajax
INFO: [ app_init ] --START--
INFO: Run Behavior\BuildLiteBehavior [ RunTime:0.000000s ]
INFO: [ app_init ] --END-- [ RunTime:0.001000s ]
ERR: 无法加载模块:Controller

[ 2015-12-12T14:20:42+08:00 ] 127.0.0.1 /thinkphp/Controller/Index/tajax
INFO: [ app_init ] --START--
INFO: Run Behavior\BuildLiteBehavior [ RunTime:0.000000s ]
INFO: [ app_init ] --END-- [ RunTime:0.007001s ]
ERR: 无法加载模块:Controller

